<?xml version="1.0" encoding="UTF-8"?>
<!-- Generated by org.testng.reporters.JUnitReportReporter -->
<testsuite skipped="0" hostname="kasim-PC" name="com.Test.Practice.TestBrowserInvokation2" tests="1" failures="0" timestamp="12 Aug 2018 11:00:20 GMT" time="6.717" errors="0">
  <testcase name="testOne" time="6.717" classname="com.Test.Practice.TestBrowserInvokation2"/>
</testsuite> <!-- com.Test.Practice.TestBrowserInvokation2 -->
