<?xml version="1.0" encoding="UTF-8"?>
<!-- Generated by org.testng.reporters.JUnitReportReporter -->
<testsuite skipped="1" hostname="kasim-PC" name="com.Test.Practice.TestBrowserInvokation" tests="2" failures="0" timestamp="15 Aug 2018 06:49:17 GMT" time="104.166" errors="1">
  <testcase name="setUp" time="104.166" classname="com.Test.Practice.TestBrowserInvokation">
    <error type="java.lang.OutOfMemoryError" message="Java heap space">
      <![CDATA[java.lang.OutOfMemoryError: Java heap space
at java.util.Arrays.copyOf(Unknown Source)
at java.lang.AbstractStringBuilder.ensureCapacityInternal(Unknown Source)
at java.lang.AbstractStringBuilder.append(Unknown Source)
at java.lang.StringBuilder.append(Unknown Source)
at org.openqa.selenium.json.JsonInput.readString(JsonInput.java:341)
at org.openqa.selenium.json.JsonInput.nextString(JsonInput.java:182)
at org.openqa.selenium.json.JsonInput.skipValue(JsonInput.java:270)
at org.openqa.selenium.json.JsonInput.skipValue(JsonInput.java:264)
at org.openqa.selenium.remote.NewSessionPayload.getAlwaysMatch(NewSessionPayload.java:459)
at org.openqa.selenium.remote.NewSessionPayload.getW3C(NewSessionPayload.java:384)
at org.openqa.selenium.remote.NewSessionPayload.writeTo(NewSessionPayload.java:253)
at org.openqa.selenium.remote.ProtocolHandshake.createSession(ProtocolHandshake.java:69)
at org.openqa.selenium.remote.HttpCommandExecutor.execute(HttpCommandExecutor.java:136)
at org.openqa.selenium.remote.RemoteWebDriver.execute(RemoteWebDriver.java:548)
at org.openqa.selenium.remote.RemoteWebDriver.startSession(RemoteWebDriver.java:212)
at org.openqa.selenium.remote.RemoteWebDriver.<init>(RemoteWebDriver.java:130)
at org.openqa.selenium.remote.RemoteWebDriver.<init>(RemoteWebDriver.java:143)
at com.Test.Practice.TestSuiteBase.getDriverInstance(TestSuiteBase.java:79)
at com.Test.Practice.TestSuiteBase.setUp(TestSuiteBase.java:38)
at sun.reflect.NativeMethodAccessorImpl.invoke0(Native Method)
at sun.reflect.NativeMethodAccessorImpl.invoke(Unknown Source)
at sun.reflect.DelegatingMethodAccessorImpl.invoke(Unknown Source)
at java.lang.reflect.Method.invoke(Unknown Source)
at org.testng.internal.MethodInvocationHelper.invokeMethod(MethodInvocationHelper.java:124)
at org.testng.internal.MethodInvocationHelper.invokeMethodConsideringTimeout(MethodInvocationHelper.java:59)
at org.testng.internal.Invoker.invokeConfigurationMethod(Invoker.java:458)
at org.testng.internal.Invoker.invokeConfigurations(Invoker.java:222)
at org.testng.internal.Invoker.invokeConfigurations(Invoker.java:142)
at org.testng.internal.TestMethodWorker.invokeBeforeClassMethods(TestMethodWorker.java:168)
at org.testng.internal.TestMethodWorker.run(TestMethodWorker.java:105)
at org.testng.TestRunner.privateRun(TestRunner.java:648)
at org.testng.TestRunner.run(TestRunner.java:505)
]]>
    </error>
  </testcase> <!-- setUp -->
  <testcase name="testOne" time="0.000" classname="com.Test.Practice.TestBrowserInvokation">
    <skipped/>
  </testcase> <!-- testOne -->
</testsuite> <!-- com.Test.Practice.TestBrowserInvokation -->
